[2026-06-08 08:50] START Macro Map Planner Phase 1
[2026-06-08 08:51] AUDIT Found no map asset in public/, using placeholder grid
[2026-06-08 08:51] AUDIT Routing uses tab-based state (currentTab) in App.tsx
[2026-06-08 08:51] AUDIT html-to-image available for PNG export
[2026-06-08 08:52] IMPLEMENT Created src/components/MacroMapPlanner.tsx
[2026-06-08 08:53] IMPLEMENT Added macro route in App.tsx + tabLabels + bypass
[2026-06-08 08:53] IMPLEMENT Added Macro nav item in Navbar.tsx with Map icon
[2026-06-08 08:54] TOOLS Move, Draw, Arrow, Lasso, Lasso Eraser, Eraser, Coords
[2026-06-08 08:54] PHASES Early/Mid/Late switching with separate data per phase
[2026-06-08 08:54] STORAGE localStorage key: macro_map_planner_v1
[2026-06-08 08:54] EXPORT PNG via html-to-image + JSON export
[2026-06-08 08:55] VALIDATION tsc PASS, build PASS (8.30s)
[2026-06-08 08:55] COMMIT 3782f7b feat: add macro map planner foundation
[2026-06-08 09:24] START Phase 1.1 — Foundation cleanup
[2026-06-08 09:24] GIT STATUS 3782f7b already committed, untracked: aset map.webp
[2026-06-08 09:24] MAP ASSET Found aset map.webp (261KB), copied to public/macro-map/mlbb-map.webp
[2026-06-08 09:25] MAP Support: image loads via <image href="/macro-map/mlbb-map.webp">, fallback to grid
[2026-06-08 09:26] UNDO Fixed: per-phase undo stacks (early/mid/late separate)
[2026-06-08 09:27] LAYERS Implemented: brokenWalls, dangerousGrass, flyingCloud, objectives
[2026-06-08 09:27] LAYERS Each toggle persists in settings.layers, renders placeholder markers
[2026-06-08 09:28] CLEANUP Removed heroAssets prop from MacroMapPlanner (not needed)
[2026-06-08 09:29] VALIDATION validate:data PASS, validate:assets PASS, tsc PASS, build PASS (10.25s)
[2026-06-08 09:30] COMMIT (pending)
